[debug] [2025-07-12T11:12:00.450Z] ----------------------------------------------------------------------
[debug] [2025-07-12T11:12:00.455Z] Command:       /usr/local/bin/firebase /home/rohan/.cache/firebase/tools/lib/node_modules/firebase-tools/lib/bin/firebase deploy --only functions:approve_mentor
[debug] [2025-07-12T11:12:00.455Z] CLI Version:   14.10.1
[debug] [2025-07-12T11:12:00.456Z] Platform:      linux
[debug] [2025-07-12T11:12:00.456Z] Node Version:  v20.18.2
[debug] [2025-07-12T11:12:00.456Z] Time:          Sat Jul 12 2025 12:12:00 GMT+0100 (British Summer Time)
[debug] [2025-07-12T11:12:00.456Z] ----------------------------------------------------------------------
[debug] 
[debug] [2025-07-12T11:12:00.843Z] > command requires scopes: ["email","openid","https://www.googleapis.com/auth/cloudplatformprojects.readonly","https://www.googleapis.com/auth/firebase","https://www.googleapis.com/auth/cloud-platform"]
[debug] [2025-07-12T11:12:00.844Z] > authorizing via signed-in user (rohanathan.s1412@gmail.com)
[debug] [2025-07-12T11:12:00.845Z] [iam] checking project rootsnwings-465610 for permissions ["cloudfunctions.functions.create","cloudfunctions.functions.delete","cloudfunctions.functions.get","cloudfunctions.functions.list","cloudfunctions.functions.update","cloudfunctions.operations.get","firebase.projects.get"]
[debug] [2025-07-12T11:12:00.847Z] Checked if tokens are valid: true, expires at: 1752321609023
[debug] [2025-07-12T11:12:00.847Z] Checked if tokens are valid: true, expires at: 1752321609023
[debug] [2025-07-12T11:12:00.849Z] >>> [apiv2][query] POST https://cloudresourcemanager.googleapis.com/v1/projects/rootsnwings-465610:testIamPermissions [none]
[debug] [2025-07-12T11:12:00.849Z] >>> [apiv2][(partial)header] POST https://cloudresourcemanager.googleapis.com/v1/projects/rootsnwings-465610:testIamPermissions x-goog-quota-user=projects/rootsnwings-465610
[debug] [2025-07-12T11:12:00.850Z] >>> [apiv2][body] POST https://cloudresourcemanager.googleapis.com/v1/projects/rootsnwings-465610:testIamPermissions {"permissions":["cloudfunctions.functions.create","cloudfunctions.functions.delete","cloudfunctions.functions.get","cloudfunctions.functions.list","cloudfunctions.functions.update","cloudfunctions.operations.get","firebase.projects.get"]}
[debug] [2025-07-12T11:12:01.638Z] <<< [apiv2][status] POST https://cloudresourcemanager.googleapis.com/v1/projects/rootsnwings-465610:testIamPermissions 200
[debug] [2025-07-12T11:12:01.638Z] <<< [apiv2][body] POST https://cloudresourcemanager.googleapis.com/v1/projects/rootsnwings-465610:testIamPermissions {"permissions":["cloudfunctions.functions.create","cloudfunctions.functions.delete","cloudfunctions.functions.get","cloudfunctions.functions.list","cloudfunctions.functions.update","cloudfunctions.operations.get","firebase.projects.get"]}
[debug] [2025-07-12T11:12:01.639Z] Checked if tokens are valid: true, expires at: 1752321609023
[debug] [2025-07-12T11:12:01.639Z] Checked if tokens are valid: true, expires at: 1752321609023
[debug] [2025-07-12T11:12:01.639Z] >>> [apiv2][query] POST https://iam.googleapis.com/v1/projects/rootsnwings-465610/serviceAccounts/rootsnwings-465610@appspot.gserviceaccount.com:testIamPermissions [none]
[debug] [2025-07-12T11:12:01.639Z] >>> [apiv2][body] POST https://iam.googleapis.com/v1/projects/rootsnwings-465610/serviceAccounts/rootsnwings-465610@appspot.gserviceaccount.com:testIamPermissions {"permissions":["iam.serviceAccounts.actAs"]}
[debug] [2025-07-12T11:12:02.347Z] <<< [apiv2][status] POST https://iam.googleapis.com/v1/projects/rootsnwings-465610/serviceAccounts/rootsnwings-465610@appspot.gserviceaccount.com:testIamPermissions 404
[debug] [2025-07-12T11:12:02.347Z] <<< [apiv2][body] POST https://iam.googleapis.com/v1/projects/rootsnwings-465610/serviceAccounts/rootsnwings-465610@appspot.gserviceaccount.com:testIamPermissions {"error":{"code":404,"message":"Unknown service account","status":"NOT_FOUND"}}
[debug] [2025-07-12T11:12:02.348Z] [functions] service account IAM check errored, deploy may fail: Request to https://iam.googleapis.com/v1/projects/rootsnwings-465610/serviceAccounts/rootsnwings-465610@appspot.gserviceaccount.com:testIamPermissions had HTTP Error: 404, Unknown service account {"name":"FirebaseError","children":[],"context":{"body":{"error":{"code":404,"message":"Unknown service account","status":"NOT_FOUND"}},"response":{"statusCode":404}},"exit":1,"message":"Request to https://iam.googleapis.com/v1/projects/rootsnwings-465610/serviceAccounts/rootsnwings-465610@appspot.gserviceaccount.com:testIamPermissions had HTTP Error: 404, Unknown service account","status":404}
[info] 
[info] === Deploying to 'rootsnwings-465610'...
[info] 
[info] i  deploying functions 
[debug] [2025-07-12T11:12:02.355Z] Checked if tokens are valid: true, expires at: 1752321609023
[debug] [2025-07-12T11:12:02.355Z] Checked if tokens are valid: true, expires at: 1752321609023
[debug] [2025-07-12T11:12:02.355Z] >>> [apiv2][query] GET https://cloudresourcemanager.googleapis.com/v1/projects/rootsnwings-465610 [none]
[debug] [2025-07-12T11:12:02.550Z] <<< [apiv2][status] GET https://cloudresourcemanager.googleapis.com/v1/projects/rootsnwings-465610 200
[debug] [2025-07-12T11:12:02.551Z] <<< [apiv2][body] GET https://cloudresourcemanager.googleapis.com/v1/projects/rootsnwings-465610 {"projectNumber":"944856745086","projectId":"rootsnwings-465610","lifecycleState":"ACTIVE","name":"rootsnwings","labels":{"firebase":"enabled","firebase-core":"disabled"},"createTime":"2025-07-11T10:55:13.350427Z"}
[info] i  functions: preparing codebase default for deployment 
[info] i  functions: ensuring required API cloudfunctions.googleapis.com is enabled... 
[info] i  functions: ensuring required API cloudbuild.googleapis.com is enabled... 
[info] i  artifactregistry: ensuring required API artifactregistry.googleapis.com is enabled... 
[debug] [2025-07-12T11:12:02.554Z] Checked if tokens are valid: true, expires at: 1752321609023
[debug] [2025-07-12T11:12:02.555Z] Checked if tokens are valid: true, expires at: 1752321609023
[debug] [2025-07-12T11:12:02.555Z] >>> [apiv2][query] GET https://firebase.googleapis.com/v1beta1/projects/rootsnwings-465610/adminSdkConfig [none]
[debug] [2025-07-12T11:12:02.859Z] <<< [apiv2][status] GET https://firebase.googleapis.com/v1beta1/projects/rootsnwings-465610/adminSdkConfig 200
[debug] [2025-07-12T11:12:02.859Z] <<< [apiv2][body] GET https://firebase.googleapis.com/v1beta1/projects/rootsnwings-465610/adminSdkConfig {"projectId":"rootsnwings-465610","storageBucket":"rootsnwings-465610.firebasestorage.app"}
[debug] [2025-07-12T11:12:02.860Z] Checked if tokens are valid: true, expires at: 1752321609023
[debug] [2025-07-12T11:12:02.860Z] Checked if tokens are valid: true, expires at: 1752321609023
[debug] [2025-07-12T11:12:02.860Z] >>> [apiv2][query] GET https://runtimeconfig.googleapis.com/v1beta1/projects/rootsnwings-465610/configs [none]
[debug] [2025-07-12T11:12:03.165Z] <<< [apiv2][status] GET https://runtimeconfig.googleapis.com/v1beta1/projects/rootsnwings-465610/configs 200
[debug] [2025-07-12T11:12:03.165Z] <<< [apiv2][body] GET https://runtimeconfig.googleapis.com/v1beta1/projects/rootsnwings-465610/configs {}
[debug] [2025-07-12T11:12:03.167Z] Customer code is not Node
[debug] [2025-07-12T11:12:03.168Z] Validating python source
[debug] [2025-07-12T11:12:03.168Z] Building python source
[info] i  functions: Loading and analyzing source code for codebase default to determine what to deploy 
[debug] [2025-07-12T11:12:03.170Z] Could not find functions.yaml. Must use http discovery
[debug] [2025-07-12T11:12:03.180Z] Running command with virtualenv: command=., args=["\"/home/rohan/rootsnwings/functions/venv/bin/activate\"","&&","python3.12","-c","\"import firebase_functions; import os; print(os.path.dirname(firebase_functions.__file__))\""]
[debug] [2025-07-12T11:12:09.480Z] ----------------------------------------------------------------------
[debug] [2025-07-12T11:12:09.484Z] Command:       /usr/local/bin/firebase /home/rohan/.cache/firebase/tools/lib/node_modules/firebase-tools/lib/bin/firebase deploy --only functions:approve_mentor --debug
[debug] [2025-07-12T11:12:09.485Z] CLI Version:   14.10.1
[debug] [2025-07-12T11:12:09.485Z] Platform:      linux
[debug] [2025-07-12T11:12:09.485Z] Node Version:  v20.18.2
[debug] [2025-07-12T11:12:09.485Z] Time:          Sat Jul 12 2025 12:12:09 GMT+0100 (British Summer Time)
[debug] [2025-07-12T11:12:09.485Z] ----------------------------------------------------------------------
[debug] 
[debug] [2025-07-12T11:12:09.866Z] > command requires scopes: ["email","openid","https://www.googleapis.com/auth/cloudplatformprojects.readonly","https://www.googleapis.com/auth/firebase","https://www.googleapis.com/auth/cloud-platform"]
[debug] [2025-07-12T11:12:09.868Z] > authorizing via signed-in user (rohanathan.s1412@gmail.com)
[debug] [2025-07-12T11:12:09.869Z] [iam] checking project rootsnwings-465610 for permissions ["cloudfunctions.functions.create","cloudfunctions.functions.delete","cloudfunctions.functions.get","cloudfunctions.functions.list","cloudfunctions.functions.update","cloudfunctions.operations.get","firebase.projects.get"]
[debug] [2025-07-12T11:12:09.871Z] Checked if tokens are valid: true, expires at: 1752321609023
[debug] [2025-07-12T11:12:09.872Z] Checked if tokens are valid: true, expires at: 1752321609023
[debug] [2025-07-12T11:12:09.875Z] >>> [apiv2][query] POST https://cloudresourcemanager.googleapis.com/v1/projects/rootsnwings-465610:testIamPermissions [none]
[debug] [2025-07-12T11:12:09.875Z] >>> [apiv2][(partial)header] POST https://cloudresourcemanager.googleapis.com/v1/projects/rootsnwings-465610:testIamPermissions x-goog-quota-user=projects/rootsnwings-465610
[debug] [2025-07-12T11:12:09.875Z] >>> [apiv2][body] POST https://cloudresourcemanager.googleapis.com/v1/projects/rootsnwings-465610:testIamPermissions {"permissions":["cloudfunctions.functions.create","cloudfunctions.functions.delete","cloudfunctions.functions.get","cloudfunctions.functions.list","cloudfunctions.functions.update","cloudfunctions.operations.get","firebase.projects.get"]}
[debug] [2025-07-12T11:12:10.651Z] <<< [apiv2][status] POST https://cloudresourcemanager.googleapis.com/v1/projects/rootsnwings-465610:testIamPermissions 200
[debug] [2025-07-12T11:12:10.651Z] <<< [apiv2][body] POST https://cloudresourcemanager.googleapis.com/v1/projects/rootsnwings-465610:testIamPermissions {"permissions":["cloudfunctions.functions.create","cloudfunctions.functions.delete","cloudfunctions.functions.get","cloudfunctions.functions.list","cloudfunctions.functions.update","cloudfunctions.operations.get","firebase.projects.get"]}
[debug] [2025-07-12T11:12:10.652Z] Checked if tokens are valid: true, expires at: 1752321609023
[debug] [2025-07-12T11:12:10.652Z] Checked if tokens are valid: true, expires at: 1752321609023
[debug] [2025-07-12T11:12:10.653Z] >>> [apiv2][query] POST https://iam.googleapis.com/v1/projects/rootsnwings-465610/serviceAccounts/rootsnwings-465610@appspot.gserviceaccount.com:testIamPermissions [none]
[debug] [2025-07-12T11:12:10.653Z] >>> [apiv2][body] POST https://iam.googleapis.com/v1/projects/rootsnwings-465610/serviceAccounts/rootsnwings-465610@appspot.gserviceaccount.com:testIamPermissions {"permissions":["iam.serviceAccounts.actAs"]}
[debug] [2025-07-12T11:12:11.359Z] <<< [apiv2][status] POST https://iam.googleapis.com/v1/projects/rootsnwings-465610/serviceAccounts/rootsnwings-465610@appspot.gserviceaccount.com:testIamPermissions 404
[debug] [2025-07-12T11:12:11.360Z] <<< [apiv2][body] POST https://iam.googleapis.com/v1/projects/rootsnwings-465610/serviceAccounts/rootsnwings-465610@appspot.gserviceaccount.com:testIamPermissions {"error":{"code":404,"message":"Unknown service account","status":"NOT_FOUND"}}
[debug] [2025-07-12T11:12:11.360Z] [functions] service account IAM check errored, deploy may fail: Request to https://iam.googleapis.com/v1/projects/rootsnwings-465610/serviceAccounts/rootsnwings-465610@appspot.gserviceaccount.com:testIamPermissions had HTTP Error: 404, Unknown service account {"name":"FirebaseError","children":[],"context":{"body":{"error":{"code":404,"message":"Unknown service account","status":"NOT_FOUND"}},"response":{"statusCode":404}},"exit":1,"message":"Request to https://iam.googleapis.com/v1/projects/rootsnwings-465610/serviceAccounts/rootsnwings-465610@appspot.gserviceaccount.com:testIamPermissions had HTTP Error: 404, Unknown service account","status":404}
[info] 
[info] === Deploying to 'rootsnwings-465610'...
[info] 
[info] i  deploying functions 
[debug] [2025-07-12T11:12:11.367Z] Checked if tokens are valid: true, expires at: 1752321609023
[debug] [2025-07-12T11:12:11.367Z] Checked if tokens are valid: true, expires at: 1752321609023
[debug] [2025-07-12T11:12:11.367Z] >>> [apiv2][query] GET https://cloudresourcemanager.googleapis.com/v1/projects/rootsnwings-465610 [none]
[debug] [2025-07-12T11:12:11.560Z] <<< [apiv2][status] GET https://cloudresourcemanager.googleapis.com/v1/projects/rootsnwings-465610 200
[debug] [2025-07-12T11:12:11.560Z] <<< [apiv2][body] GET https://cloudresourcemanager.googleapis.com/v1/projects/rootsnwings-465610 {"projectNumber":"944856745086","projectId":"rootsnwings-465610","lifecycleState":"ACTIVE","name":"rootsnwings","labels":{"firebase":"enabled","firebase-core":"disabled"},"createTime":"2025-07-11T10:55:13.350427Z"}
[info] i  functions: preparing codebase default for deployment 
[info] i  functions: ensuring required API cloudfunctions.googleapis.com is enabled... 
[info] i  functions: ensuring required API cloudbuild.googleapis.com is enabled... 
[info] i  artifactregistry: ensuring required API artifactregistry.googleapis.com is enabled... 
[debug] [2025-07-12T11:12:11.563Z] Checked if tokens are valid: true, expires at: 1752321609023
[debug] [2025-07-12T11:12:11.563Z] Checked if tokens are valid: true, expires at: 1752321609023
[debug] [2025-07-12T11:12:11.564Z] >>> [apiv2][query] GET https://firebase.googleapis.com/v1beta1/projects/rootsnwings-465610/adminSdkConfig [none]
[debug] [2025-07-12T11:12:11.870Z] <<< [apiv2][status] GET https://firebase.googleapis.com/v1beta1/projects/rootsnwings-465610/adminSdkConfig 200
[debug] [2025-07-12T11:12:11.870Z] <<< [apiv2][body] GET https://firebase.googleapis.com/v1beta1/projects/rootsnwings-465610/adminSdkConfig {"projectId":"rootsnwings-465610","storageBucket":"rootsnwings-465610.firebasestorage.app"}
[debug] [2025-07-12T11:12:11.871Z] Checked if tokens are valid: true, expires at: 1752321609023
[debug] [2025-07-12T11:12:11.872Z] Checked if tokens are valid: true, expires at: 1752321609023
[debug] [2025-07-12T11:12:11.872Z] >>> [apiv2][query] GET https://runtimeconfig.googleapis.com/v1beta1/projects/rootsnwings-465610/configs [none]
[debug] [2025-07-12T11:12:12.179Z] <<< [apiv2][status] GET https://runtimeconfig.googleapis.com/v1beta1/projects/rootsnwings-465610/configs 200
[debug] [2025-07-12T11:12:12.179Z] <<< [apiv2][body] GET https://runtimeconfig.googleapis.com/v1beta1/projects/rootsnwings-465610/configs {}
[debug] [2025-07-12T11:12:12.182Z] Customer code is not Node
[debug] [2025-07-12T11:12:12.182Z] Validating python source
[debug] [2025-07-12T11:12:12.183Z] Building python source
[info] i  functions: Loading and analyzing source code for codebase default to determine what to deploy 
[debug] [2025-07-12T11:12:12.184Z] Could not find functions.yaml. Must use http discovery
[debug] [2025-07-12T11:12:12.195Z] Running command with virtualenv: command=., args=["\"/home/rohan/rootsnwings/functions/venv/bin/activate\"","&&","python3.12","-c","\"import firebase_functions; import os; print(os.path.dirname(firebase_functions.__file__))\""]
[debug] [2025-07-12T11:12:12.243Z] stdout: /home/rohan/rootsnwings/functions/venv/lib/python3.12/site-packages/firebase_functions

[debug] [2025-07-12T11:12:12.253Z] Running admin server with args: ["python3.12","\"/home/rohan/rootsnwings/functions/venv/lib/python3.12/site-packages/firebase_functions/private/serving.py\""] and env: {"FIREBASE_CONFIG":"{\"projectId\":\"rootsnwings-465610\",\"storageBucket\":\"rootsnwings-465610.firebasestorage.app\"}","GCLOUD_PROJECT":"rootsnwings-465610","GOOGLE_CLOUD_QUOTA_PROJECT":"rootsnwings-465610","ADMIN_PORT":"8081"} in /home/rohan/rootsnwings/functions
[debug] [2025-07-12T11:12:12.253Z] Running command with virtualenv: command=., args=["\"/home/rohan/rootsnwings/functions/venv/bin/activate\"","&&","python3.12","\"/home/rohan/rootsnwings/functions/venv/lib/python3.12/site-packages/firebase_functions/private/serving.py\""]
[info]  * Serving Flask app 'serving'
 * Debug mode: off

[error] WARNING: This is a development server. Do not use it in a production deployment. Use a production WSGI server instead.
 * Running on http://127.0.0.1:8081
Press CTRL+C to quit

[error] 127.0.0.1 - - [12/Jul/2025 12:12:13] "GET /__/functions.yaml HTTP/1.1" 200 -

[debug] [2025-07-12T11:12:13.263Z] Got response from /__/functions.yaml endpoints:
  approve_mentor:
    availableMemoryMb: null
    concurrency: null
    entryPoint: approve_mentor
    httpsTrigger: {}
    ingressSettings: null
    labels: {}
    maxInstances: null
    minInstances: null
    platform: gcfv2
    secretEnvironmentVariables: []
    serviceAccountEmail: null
    timeoutSeconds: null
params: []
requiredAPIs: []
specVersion: v1alpha1

[error] 127.0.0.1 - - [12/Jul/2025 12:12:13] "GET /__/quitquitquit HTTP/1.1" 200 -

[error] Terminated

[info] i  functions: preparing functions directory for uploading... 
[info] i  functions: packaged /home/rohan/rootsnwings/functions (3.19 KB) for uploading 
[debug] [2025-07-12T11:12:13.360Z] Checked if tokens are valid: true, expires at: 1752321609023
[debug] [2025-07-12T11:12:13.360Z] Checked if tokens are valid: true, expires at: 1752321609023
[debug] [2025-07-12T11:12:13.360Z] >>> [apiv2][query] GET https://cloudfunctions.googleapis.com/v1/projects/rootsnwings-465610/locations/-/functions [none]
[debug] [2025-07-12T11:12:13.954Z] <<< [apiv2][status] GET https://cloudfunctions.googleapis.com/v1/projects/rootsnwings-465610/locations/-/functions 200
[debug] [2025-07-12T11:12:13.954Z] <<< [apiv2][body] GET https://cloudfunctions.googleapis.com/v1/projects/rootsnwings-465610/locations/-/functions {}
[debug] [2025-07-12T11:12:13.955Z] Checked if tokens are valid: true, expires at: 1752321609023
[debug] [2025-07-12T11:12:13.955Z] Checked if tokens are valid: true, expires at: 1752321609023
[debug] [2025-07-12T11:12:13.956Z] >>> [apiv2][query] GET https://cloudfunctions.googleapis.com/v2/projects/rootsnwings-465610/locations/-/functions filter=environment%3D%22GEN_2%22
[debug] [2025-07-12T11:12:15.011Z] <<< [apiv2][status] GET https://cloudfunctions.googleapis.com/v2/projects/rootsnwings-465610/locations/-/functions 200
[debug] [2025-07-12T11:12:15.012Z] <<< [apiv2][body] GET https://cloudfunctions.googleapis.com/v2/projects/rootsnwings-465610/locations/-/functions {"functions":[{"name":"projects/rootsnwings-465610/locations/us-central1/functions/approve_mentor","buildConfig":{"build":"projects/944856745086/locations/us-central1/builds/8bfcfd7e-dbcb-479a-ab66-65968a7f07da","runtime":"python312","entryPoint":"approve_mentor","source":{"storageSource":{"bucket":"gcf-v2-sources-944856745086-us-central1","object":"approve_mentor/function-source.zip","generation":"1752318019440967"}},"environmentVariables":{"GOOGLE_NODE_RUN_SCRIPTS":""},"dockerRepository":"projects/rootsnwings-465610/locations/us-central1/repositories/gcf-artifacts","serviceAccount":"projects/rootsnwings-465610/serviceAccounts/944856745086-compute@developer.gserviceaccount.com","automaticUpdatePolicy":{}},"serviceConfig":{"service":"projects/rootsnwings-465610/locations/us-central1/services/approve-mentor","timeoutSeconds":60,"environmentVariables":{"FIREBASE_CONFIG":"{\"projectId\":\"rootsnwings-465610\",\"storageBucket\":\"rootsnwings-465610.firebasestorage.app\"}","GCLOUD_PROJECT":"rootsnwings-465610","EVENTARC_CLOUD_EVENT_SOURCE":"projects/rootsnwings-465610/locations/us-central1/services/approve_mentor","FUNCTION_TARGET":"approve_mentor","LOG_EXECUTION_ID":"true"},"maxInstanceCount":20,"ingressSettings":"ALLOW_ALL","serviceAccountEmail":"944856745086-compute@developer.gserviceaccount.com","availableMemory":"256Mi","allTrafficOnLatestRevision":true,"revision":"approve-mentor-00003-nom","maxInstanceRequestConcurrency":80,"availableCpu":"1"},"state":"ACTIVE","updateTime":"2025-07-12T11:01:08.641231402Z","labels":{"firebase-functions-hash":"5bfa9f96a7357c3915cdff0be0f5befe318e651e","deployment-tool":"cli-firebase"},"environment":"GEN_2","url":"https://us-central1-rootsnwings-465610.cloudfunctions.net/approve_mentor","createTime":"2025-07-12T10:33:34.181179722Z","satisfiesPzi":true}]}
[info] i  functions: ensuring required API run.googleapis.com is enabled... 
[info] i  functions: ensuring required API eventarc.googleapis.com is enabled... 
[info] i  functions: ensuring required API pubsub.googleapis.com is enabled... 
[info] i  functions: ensuring required API storage.googleapis.com is enabled... 
[info] i  functions: generating the service identity for pubsub.googleapis.com... 
[debug] [2025-07-12T11:12:15.019Z] Checked if tokens are valid: true, expires at: 1752321609023
[debug] [2025-07-12T11:12:15.019Z] Checked if tokens are valid: true, expires at: 1752321609023
[info] i  functions: generating the service identity for eventarc.googleapis.com... 
[debug] [2025-07-12T11:12:15.019Z] Checked if tokens are valid: true, expires at: 1752321609023
[debug] [2025-07-12T11:12:15.019Z] Checked if tokens are valid: true, expires at: 1752321609023
[debug] [2025-07-12T11:12:15.019Z] >>> [apiv2][query] POST https://serviceusage.googleapis.com/v1beta1/projects/944856745086/services/pubsub.googleapis.com:generateServiceIdentity [none]
[debug] [2025-07-12T11:12:15.020Z] >>> [apiv2][(partial)header] POST https://serviceusage.googleapis.com/v1beta1/projects/944856745086/services/pubsub.googleapis.com:generateServiceIdentity x-goog-quota-user=projects/944856745086
[debug] [2025-07-12T11:12:15.020Z] >>> [apiv2][body] POST https://serviceusage.googleapis.com/v1beta1/projects/944856745086/services/pubsub.googleapis.com:generateServiceIdentity {}
[debug] [2025-07-12T11:12:15.022Z] >>> [apiv2][query] POST https://serviceusage.googleapis.com/v1beta1/projects/944856745086/services/eventarc.googleapis.com:generateServiceIdentity [none]
[debug] [2025-07-12T11:12:15.023Z] >>> [apiv2][(partial)header] POST https://serviceusage.googleapis.com/v1beta1/projects/944856745086/services/eventarc.googleapis.com:generateServiceIdentity x-goog-quota-user=projects/944856745086
[debug] [2025-07-12T11:12:15.023Z] >>> [apiv2][body] POST https://serviceusage.googleapis.com/v1beta1/projects/944856745086/services/eventarc.googleapis.com:generateServiceIdentity {}
[debug] [2025-07-12T11:12:15.966Z] <<< [apiv2][status] POST https://serviceusage.googleapis.com/v1beta1/projects/944856745086/services/eventarc.googleapis.com:generateServiceIdentity 200
[debug] [2025-07-12T11:12:15.967Z] <<< [apiv2][body] POST https://serviceusage.googleapis.com/v1beta1/projects/944856745086/services/eventarc.googleapis.com:generateServiceIdentity {"name":"operations/finished.DONE_OPERATION","done":true,"response":{"@type":"type.googleapis.com/google.api.serviceusage.v1beta1.ServiceIdentity","email":"service-944856745086@gcp-sa-eventarc.iam.gserviceaccount.com","uniqueId":"114841421801695927472"}}
[debug] [2025-07-12T11:12:15.969Z] <<< [apiv2][status] POST https://serviceusage.googleapis.com/v1beta1/projects/944856745086/services/pubsub.googleapis.com:generateServiceIdentity 200
[debug] [2025-07-12T11:12:15.969Z] <<< [apiv2][body] POST https://serviceusage.googleapis.com/v1beta1/projects/944856745086/services/pubsub.googleapis.com:generateServiceIdentity {"name":"operations/finished.DONE_OPERATION","done":true,"response":{"@type":"type.googleapis.com/google.api.serviceusage.v1beta1.ServiceIdentity","email":"service-944856745086@gcp-sa-pubsub.iam.gserviceaccount.com","uniqueId":"113135065890315908929"}}
[debug] [2025-07-12T11:12:15.973Z] Checked if tokens are valid: true, expires at: 1752321609023
[debug] [2025-07-12T11:12:15.973Z] Checked if tokens are valid: true, expires at: 1752321609023
[debug] [2025-07-12T11:12:15.973Z] >>> [apiv2][query] GET https://cloudresourcemanager.googleapis.com/v1/projects/rootsnwings-465610 [none]
[debug] [2025-07-12T11:12:16.170Z] <<< [apiv2][status] GET https://cloudresourcemanager.googleapis.com/v1/projects/rootsnwings-465610 200
[debug] [2025-07-12T11:12:16.171Z] <<< [apiv2][body] GET https://cloudresourcemanager.googleapis.com/v1/projects/rootsnwings-465610 {"projectNumber":"944856745086","projectId":"rootsnwings-465610","lifecycleState":"ACTIVE","name":"rootsnwings","labels":{"firebase":"enabled","firebase-core":"disabled"},"createTime":"2025-07-11T10:55:13.350427Z"}
[debug] [2025-07-12T11:12:16.171Z] Checked if tokens are valid: true, expires at: 1752321609023
[debug] [2025-07-12T11:12:16.172Z] Checked if tokens are valid: true, expires at: 1752321609023
[debug] [2025-07-12T11:12:16.172Z] >>> [apiv2][query] GET https://compute.googleapis.com/compute/v1/projects/944856745086 [none]
[debug] [2025-07-12T11:12:16.681Z] <<< [apiv2][status] GET https://compute.googleapis.com/compute/v1/projects/944856745086 200
[debug] [2025-07-12T11:12:16.681Z] <<< [apiv2][body] GET https://compute.googleapis.com/compute/v1/projects/944856745086 {"kind":"compute#project","id":"65344236804722821","creationTimestamp":"2025-07-11T03:58:50.815-07:00","name":"rootsnwings-465610","commonInstanceMetadata":{"kind":"compute#metadata","fingerprint":"-3_1vtlc0tQ="},"quotas":[{"metric":"SNAPSHOTS","limit":1000,"usage":0},{"metric":"NETWORKS","limit":5,"usage":1},{"metric":"FIREWALLS","limit":100,"usage":4},{"metric":"IMAGES","limit":100,"usage":0},{"metric":"STATIC_ADDRESSES","limit":8,"usage":0},{"metric":"ROUTES","limit":200,"usage":0},{"metric":"FORWARDING_RULES","limit":15,"usage":0},{"metric":"TARGET_POOLS","limit":50,"usage":0},{"metric":"HEALTH_CHECKS","limit":75,"usage":0},{"metric":"IN_USE_ADDRESSES","limit":8,"usage":0},{"metric":"TARGET_INSTANCES","limit":50,"usage":0},{"metric":"TARGET_HTTP_PROXIES","limit":10,"usage":0},{"metric":"URL_MAPS","limit":10,"usage":0},{"metric":"BACKEND_SERVICES","limit":50,"usage":0},{"metric":"INSTANCE_TEMPLATES","limit":100,"usage":0},{"metric":"TARGET_VPN_GATEWAYS","limit":5,"usage":0},{"metric":"VPN_TUNNELS","limit":10,"usage":0},{"metric":"BACKEND_BUCKETS","limit":3,"usage":0},{"metric":"ROUTERS","limit":10,"usage":0},{"metric":"TARGET_SSL_PROXIES","limit":10,"usage":0},{"metric":"TARGET_HTTPS_PROXIES","limit":10,"usage":0},{"metric":"SSL_CERTIFICATES","limit":10,"usage":0},{"metric":"SUBNETWORKS","limit":100,"usage":0},{"metric":"TARGET_TCP_PROXIES","limit":10,"usage":0},{"metric":"CPUS_ALL_REGIONS","limit":32,"usage":0},{"metric":"SECURITY_POLICIES","limit":10,"usage":0},{"metric":"SECURITY_POLICY_RULES","limit":100,"usage":0},{"metric":"XPN_SERVICE_PROJECTS","limit":1000,"usage":0},{"metric":"PACKET_MIRRORINGS","limit":20,"usage":0},{"metric":"NETWORK_ENDPOINT_GROUPS","limit":100,"usage":0},{"metric":"INTERCONNECTS","limit":6,"usage":0},{"metric":"SSL_POLICIES","limit":10,"usage":0},{"metric":"GLOBAL_INTERNAL_ADDRESSES","limit":5000,"usage":0},{"metric":"VPN_GATEWAYS","limit":5,"usage":0},{"metric":"MACHINE_IMAGES","limit":100,"usage":0},{"metric":"SECURITY_POLICY_CEVAL_RULES","limit":20,"usage":0},{"metric":"GPUS_ALL_REGIONS","limit":0,"usage":0},{"metric":"EXTERNAL_VPN_GATEWAYS","limit":5,"usage":0},{"metric":"PUBLIC_ADVERTISED_PREFIXES","limit":1,"usage":0},{"metric":"PUBLIC_DELEGATED_PREFIXES","limit":10,"usage":0},{"metric":"STATIC_BYOIP_ADDRESSES","limit":128,"usage":0},{"metric":"NETWORK_FIREWALL_POLICIES","limit":10,"usage":0},{"metric":"INTERNAL_TRAFFIC_DIRECTOR_FORWARDING_RULES","limit":15,"usage":0},{"metric":"GLOBAL_EXTERNAL_MANAGED_FORWARDING_RULES","limit":15,"usage":0},{"metric":"GLOBAL_INTERNAL_MANAGED_BACKEND_SERVICES","limit":50,"usage":0},{"metric":"GLOBAL_EXTERNAL_MANAGED_BACKEND_SERVICES","limit":50,"usage":0},{"metric":"GLOBAL_EXTERNAL_PROXY_LB_BACKEND_SERVICES","limit":50,"usage":0},{"metric":"GLOBAL_INTERNAL_TRAFFIC_DIRECTOR_BACKEND_SERVICES","limit":250,"usage":0}],"selfLink":"https://www.googleapis.com/compute/v1/projects/rootsnwings-465610","defaultServiceAccount":"944856745086-compute@developer.gserviceaccount.com","xpnProjectStatus":"UNSPECIFIED_XPN_PROJECT_STATUS","defaultNetworkTier":"PREMIUM","vmDnsSetting":"ZONAL_ONLY","cloudArmorTier":"CA_STANDARD"}
[debug] [2025-07-12T11:12:16.684Z] Checked if tokens are valid: true, expires at: 1752321609023
[debug] [2025-07-12T11:12:16.684Z] Checked if tokens are valid: true, expires at: 1752321609023
[debug] [2025-07-12T11:12:16.684Z] >>> [apiv2][query] POST https://cloudfunctions.googleapis.com/v2/projects/rootsnwings-465610/locations/us-central1/functions:generateUploadUrl [none]
[debug] [2025-07-12T11:12:17.601Z] <<< [apiv2][status] POST https://cloudfunctions.googleapis.com/v2/projects/rootsnwings-465610/locations/us-central1/functions:generateUploadUrl 200
[debug] [2025-07-12T11:12:17.602Z] <<< [apiv2][body] POST https://cloudfunctions.googleapis.com/v2/projects/rootsnwings-465610/locations/us-central1/functions:generateUploadUrl {"uploadUrl":"https://storage.googleapis.com/gcf-v2-uploads-944856745086.us-central1.cloudfunctions.appspot.com/624b0857-d022-4468-bf22-8a2362697793.zip?GoogleAccessId=service-944856745086@gcf-admin-robot.iam.gserviceaccount.com&Expires=1752320537&Signature=f7IwTFb2CtOM%2Fkl1hq6lDLLdk4L44an5M7Y8PN8bVH8UAuSSFiGEDBwIz8Zj7N2jTvP2FU5t9frlmdgVE4wyWtQ7xK5MTZtxN23A6IwJPXwRmZn80dAZ8eJeOTsoP93T5GcgXVNr4R6aGh%2FsFSx7ApJRVxhWg8eALSgJydTmuu5E%2FhmwIyLfZGIhFCeJgp44m8vyeAGozbW6FCzB9%2ByS6BoNAOVLOiKKc%2BPICjcoDQbj%2Fzv8RWKFxf3nuCmyV%2FfEAxTbbDLlhvpc1lE47Bh3wLO%2BNlcigV3kvFddu0K4WFjvNuJZA387Y%2Fgf2OP1u09jniKiZzPSeIJQMAHWAtxT9w%3D%3D","storageSource":{"bucket":"gcf-v2-uploads-944856745086.us-central1.cloudfunctions.appspot.com","object":"624b0857-d022-4468-bf22-8a2362697793.zip"}}
[debug] [2025-07-12T11:12:17.604Z] >>> [apiv2][query] PUT https://storage.googleapis.com/gcf-v2-uploads-944856745086.us-central1.cloudfunctions.appspot.com/624b0857-d022-4468-bf22-8a2362697793.zip GoogleAccessId=service-944856745086%40gcf-admin-robot.iam.gserviceaccount.com&Expires=1752320537&Signature=f7IwTFb2CtOM%2Fkl1hq6lDLLdk4L44an5M7Y8PN8bVH8UAuSSFiGEDBwIz8Zj7N2jTvP2FU5t9frlmdgVE4wyWtQ7xK5MTZtxN23A6IwJPXwRmZn80dAZ8eJeOTsoP93T5GcgXVNr4R6aGh%2FsFSx7ApJRVxhWg8eALSgJydTmuu5E%2FhmwIyLfZGIhFCeJgp44m8vyeAGozbW6FCzB9%2ByS6BoNAOVLOiKKc%2BPICjcoDQbj%2Fzv8RWKFxf3nuCmyV%2FfEAxTbbDLlhvpc1lE47Bh3wLO%2BNlcigV3kvFddu0K4WFjvNuJZA387Y%2Fgf2OP1u09jniKiZzPSeIJQMAHWAtxT9w%3D%3D
[debug] [2025-07-12T11:12:17.604Z] >>> [apiv2][body] PUT https://storage.googleapis.com/gcf-v2-uploads-944856745086.us-central1.cloudfunctions.appspot.com/624b0857-d022-4468-bf22-8a2362697793.zip [stream]
[debug] [2025-07-12T11:12:17.908Z] <<< [apiv2][status] PUT https://storage.googleapis.com/gcf-v2-uploads-944856745086.us-central1.cloudfunctions.appspot.com/624b0857-d022-4468-bf22-8a2362697793.zip 200
[debug] [2025-07-12T11:12:17.908Z] <<< [apiv2][body] PUT https://storage.googleapis.com/gcf-v2-uploads-944856745086.us-central1.cloudfunctions.appspot.com/624b0857-d022-4468-bf22-8a2362697793.zip [omitted]
[info] ✔  functions: functions folder uploaded successfully 
[info] i  functions: updating Python 3.12 (2nd Gen) function approve_mentor(us-central1)... 
[debug] [2025-07-12T11:12:17.917Z] Checked if tokens are valid: true, expires at: 1752321609023
[debug] [2025-07-12T11:12:17.917Z] Checked if tokens are valid: true, expires at: 1752321609023
[debug] [2025-07-12T11:12:17.917Z] >>> [apiv2][query] PATCH https://cloudfunctions.googleapis.com/v2/projects/rootsnwings-465610/locations/us-central1/functions/approve_mentor updateMask=name%2CbuildConfig.runtime%2CbuildConfig.entryPoint%2CbuildConfig.source.storageSource.bucket%2CbuildConfig.source.storageSource.object%2CbuildConfig.environmentVariables%2CbuildConfig.sourceToken%2CserviceConfig.environmentVariables%2CserviceConfig.secretEnvironmentVariables%2CserviceConfig.ingressSettings%2CserviceConfig.timeoutSeconds%2CserviceConfig.serviceAccountEmail%2CserviceConfig.availableMemory%2CserviceConfig.minInstanceCount%2CserviceConfig.maxInstanceCount%2CserviceConfig.maxInstanceRequestConcurrency%2CserviceConfig.availableCpu%2Clabels
[debug] [2025-07-12T11:12:17.917Z] >>> [apiv2][body] PATCH https://cloudfunctions.googleapis.com/v2/projects/rootsnwings-465610/locations/us-central1/functions/approve_mentor {"name":"projects/rootsnwings-465610/locations/us-central1/functions/approve_mentor","buildConfig":{"runtime":"python312","entryPoint":"approve_mentor","source":{"storageSource":{"bucket":"gcf-v2-uploads-944856745086.us-central1.cloudfunctions.appspot.com","object":"624b0857-d022-4468-bf22-8a2362697793.zip"}},"environmentVariables":{"GOOGLE_NODE_RUN_SCRIPTS":""}},"serviceConfig":{"environmentVariables":{"FIREBASE_CONFIG":"{\"projectId\":\"rootsnwings-465610\",\"storageBucket\":\"rootsnwings-465610.firebasestorage.app\"}","GCLOUD_PROJECT":"rootsnwings-465610","EVENTARC_CLOUD_EVENT_SOURCE":"projects/rootsnwings-465610/locations/us-central1/services/approve_mentor","FUNCTION_TARGET":"approve_mentor","LOG_EXECUTION_ID":"true"},"secretEnvironmentVariables":[],"ingressSettings":null,"timeoutSeconds":null,"serviceAccountEmail":null,"availableMemory":"256Mi","minInstanceCount":null,"maxInstanceCount":null,"maxInstanceRequestConcurrency":80,"availableCpu":"1"},"labels":{"deployment-tool":"cli-firebase","firebase-functions-hash":"d4c29fd1ae1a9531ea3d172e8c7acfe3a57e8e1c"}}
[debug] [2025-07-12T11:12:19.350Z] <<< [apiv2][status] PATCH https://cloudfunctions.googleapis.com/v2/projects/rootsnwings-465610/locations/us-central1/functions/approve_mentor 200
[debug] [2025-07-12T11:12:19.350Z] <<< [apiv2][body] PATCH https://cloudfunctions.googleapis.com/v2/projects/rootsnwings-465610/locations/us-central1/functions/approve_mentor {"name":"projects/rootsnwings-465610/locations/us-central1/operations/operation-1752318738521-639b97ff15f51-472c5307-751f8bdc","metadata":{"@type":"type.googleapis.com/google.cloud.functions.v2.OperationMetadata","createTime":"2025-07-12T11:12:19.234259963Z","target":"projects/rootsnwings-465610/locations/us-central1/functions/approve_mentor","verb":"update","cancelRequested":false,"apiVersion":"v2"},"done":false}
[debug] [2025-07-12T11:12:19.351Z] Checked if tokens are valid: true, expires at: 1752321609023
[debug] [2025-07-12T11:12:19.351Z] Checked if tokens are valid: true, expires at: 1752321609023
[debug] [2025-07-12T11:12:19.352Z] >>> [apiv2][query] GET https://cloudfunctions.googleapis.com/v2/projects/rootsnwings-465610/locations/us-central1/operations/operation-1752318738521-639b97ff15f51-472c5307-751f8bdc [none]
[debug] [2025-07-12T11:12:20.060Z] <<< [apiv2][status] GET https://cloudfunctions.googleapis.com/v2/projects/rootsnwings-465610/locations/us-central1/operations/operation-1752318738521-639b97ff15f51-472c5307-751f8bdc 200
[debug] [2025-07-12T11:12:20.060Z] <<< [apiv2][body] GET https://cloudfunctions.googleapis.com/v2/projects/rootsnwings-465610/locations/us-central1/operations/operation-1752318738521-639b97ff15f51-472c5307-751f8bdc {"name":"projects/rootsnwings-465610/locations/us-central1/operations/operation-1752318738521-639b97ff15f51-472c5307-751f8bdc","metadata":{"@type":"type.googleapis.com/google.cloud.functions.v2.OperationMetadata","createTime":"2025-07-12T11:12:19.234259963Z","target":"projects/rootsnwings-465610/locations/us-central1/functions/approve_mentor","verb":"update","cancelRequested":false,"apiVersion":"v2","requestResource":{"@type":"type.googleapis.com/google.cloud.functions.v2.Function","name":"projects/rootsnwings-465610/locations/us-central1/functions/approve_mentor","buildConfig":{"runtime":"python312","entryPoint":"approve_mentor","source":{"storageSource":{"bucket":"gcf-v2-sources-944856745086-us-central1","object":"approve_mentor/function-source.zip","generation":"1752318739188957"}},"environmentVariables":{"GOOGLE_NODE_RUN_SCRIPTS":""},"dockerRepository":"projects/rootsnwings-465610/locations/us-central1/repositories/gcf-artifacts","serviceAccount":"projects/rootsnwings-465610/serviceAccounts/944856745086-compute@developer.gserviceaccount.com","automaticUpdatePolicy":{}},"serviceConfig":{"service":"projects/rootsnwings-465610/locations/us-central1/services/approve-mentor","timeoutSeconds":60,"environmentVariables":{"FIREBASE_CONFIG":"{\"projectId\":\"rootsnwings-465610\",\"storageBucket\":\"rootsnwings-465610.firebasestorage.app\"}","GCLOUD_PROJECT":"rootsnwings-465610","EVENTARC_CLOUD_EVENT_SOURCE":"projects/rootsnwings-465610/locations/us-central1/services/approve_mentor","FUNCTION_TARGET":"approve_mentor","LOG_EXECUTION_ID":"true"},"ingressSettings":"ALLOW_ALL","serviceAccountEmail":"944856745086-compute@developer.gserviceaccount.com","availableMemory":"256Mi","allTrafficOnLatestRevision":true,"revision":"approve-mentor-00003-nom","maxInstanceRequestConcurrency":80,"availableCpu":"1"},"state":"ACTIVE","labels":{"deployment-tool":"cloudfunctions","firebase-functions-hash":"d4c29fd1ae1a9531ea3d172e8c7acfe3a57e8e1c"},"environment":"GEN_2","url":"https://us-central1-rootsnwings-465610.cloudfunctions.net/approve_mentor","satisfiesPzi":true},"stages":[{"name":"BUILD","state":"NOT_STARTED"},{"name":"SERVICE","state":"NOT_STARTED"}],"operationType":"UPDATE_FUNCTION"},"done":false}
[debug] [2025-07-12T11:12:20.562Z] [update-default-us-central1-approve_mentor] Retrying task index 0
[debug] [2025-07-12T11:12:20.562Z] Checked if tokens are valid: true, expires at: 1752321609023
[debug] [2025-07-12T11:12:20.562Z] Checked if tokens are valid: true, expires at: 1752321609023
[debug] [2025-07-12T11:12:20.563Z] >>> [apiv2][query] GET https://cloudfunctions.googleapis.com/v2/projects/rootsnwings-465610/locations/us-central1/operations/operation-1752318738521-639b97ff15f51-472c5307-751f8bdc [none]
[debug] [2025-07-12T11:12:21.270Z] <<< [apiv2][status] GET https://cloudfunctions.googleapis.com/v2/projects/rootsnwings-465610/locations/us-central1/operations/operation-1752318738521-639b97ff15f51-472c5307-751f8bdc 200
[debug] [2025-07-12T11:12:21.271Z] <<< [apiv2][body] GET https://cloudfunctions.googleapis.com/v2/projects/rootsnwings-465610/locations/us-central1/operations/operation-1752318738521-639b97ff15f51-472c5307-751f8bdc {"name":"projects/rootsnwings-465610/locations/us-central1/operations/operation-1752318738521-639b97ff15f51-472c5307-751f8bdc","metadata":{"@type":"type.googleapis.com/google.cloud.functions.v2.OperationMetadata","createTime":"2025-07-12T11:12:19.234259963Z","target":"projects/rootsnwings-465610/locations/us-central1/functions/approve_mentor","verb":"update","cancelRequested":false,"apiVersion":"v2","requestResource":{"@type":"type.googleapis.com/google.cloud.functions.v2.Function","name":"projects/rootsnwings-465610/locations/us-central1/functions/approve_mentor","buildConfig":{"runtime":"python312","entryPoint":"approve_mentor","source":{"storageSource":{"bucket":"gcf-v2-sources-944856745086-us-central1","object":"approve_mentor/function-source.zip","generation":"1752318739188957"}},"environmentVariables":{"GOOGLE_NODE_RUN_SCRIPTS":""},"dockerRepository":"projects/rootsnwings-465610/locations/us-central1/repositories/gcf-artifacts","serviceAccount":"projects/rootsnwings-465610/serviceAccounts/944856745086-compute@developer.gserviceaccount.com","automaticUpdatePolicy":{}},"serviceConfig":{"service":"projects/rootsnwings-465610/locations/us-central1/services/approve-mentor","timeoutSeconds":60,"environmentVariables":{"FIREBASE_CONFIG":"{\"projectId\":\"rootsnwings-465610\",\"storageBucket\":\"rootsnwings-465610.firebasestorage.app\"}","GCLOUD_PROJECT":"rootsnwings-465610","EVENTARC_CLOUD_EVENT_SOURCE":"projects/rootsnwings-465610/locations/us-central1/services/approve_mentor","FUNCTION_TARGET":"approve_mentor","LOG_EXECUTION_ID":"true"},"ingressSettings":"ALLOW_ALL","serviceAccountEmail":"944856745086-compute@developer.gserviceaccount.com","availableMemory":"256Mi","allTrafficOnLatestRevision":true,"revision":"approve-mentor-00003-nom","maxInstanceRequestConcurrency":80,"availableCpu":"1"},"state":"ACTIVE","labels":{"deployment-tool":"cloudfunctions","firebase-functions-hash":"d4c29fd1ae1a9531ea3d172e8c7acfe3a57e8e1c"},"environment":"GEN_2","url":"https://us-central1-rootsnwings-465610.cloudfunctions.net/approve_mentor","satisfiesPzi":true},"stages":[{"name":"BUILD","message":"Build in progress","state":"IN_PROGRESS","resource":"projects/944856745086/locations/us-central1/builds/82436f80-9e43-4c43-96ca-b69da9e7b3c9","resourceUri":"https://console.cloud.google.com/cloud-build/builds;region=us-central1/82436f80-9e43-4c43-96ca-b69da9e7b3c9?project=944856745086"},{"name":"SERVICE","state":"NOT_STARTED"}],"operationType":"UPDATE_FUNCTION","buildName":"projects/944856745086/locations/us-central1/builds/82436f80-9e43-4c43-96ca-b69da9e7b3c9"},"done":false}
[debug] [2025-07-12T11:12:22.271Z] [update-default-us-central1-approve_mentor] Retrying task index 0
[debug] [2025-07-12T11:12:22.272Z] Checked if tokens are valid: true, expires at: 1752321609023
[debug] [2025-07-12T11:12:22.272Z] Checked if tokens are valid: true, expires at: 1752321609023
[debug] [2025-07-12T11:12:22.272Z] >>> [apiv2][query] GET https://cloudfunctions.googleapis.com/v2/projects/rootsnwings-465610/locations/us-central1/operations/operation-1752318738521-639b97ff15f51-472c5307-751f8bdc [none]
[debug] [2025-07-12T11:12:23.132Z] <<< [apiv2][status] GET https://cloudfunctions.googleapis.com/v2/projects/rootsnwings-465610/locations/us-central1/operations/operation-1752318738521-639b97ff15f51-472c5307-751f8bdc 200
[debug] [2025-07-12T11:12:23.132Z] <<< [apiv2][body] GET https://cloudfunctions.googleapis.com/v2/projects/rootsnwings-465610/locations/us-central1/operations/operation-1752318738521-639b97ff15f51-472c5307-751f8bdc {"name":"projects/rootsnwings-465610/locations/us-central1/operations/operation-1752318738521-639b97ff15f51-472c5307-751f8bdc","metadata":{"@type":"type.googleapis.com/google.cloud.functions.v2.OperationMetadata","createTime":"2025-07-12T11:12:19.234259963Z","target":"projects/rootsnwings-465610/locations/us-central1/functions/approve_mentor","verb":"update","cancelRequested":false,"apiVersion":"v2","requestResource":{"@type":"type.googleapis.com/google.cloud.functions.v2.Function","name":"projects/rootsnwings-465610/locations/us-central1/functions/approve_mentor","buildConfig":{"runtime":"python312","entryPoint":"approve_mentor","source":{"storageSource":{"bucket":"gcf-v2-sources-944856745086-us-central1","object":"approve_mentor/function-source.zip","generation":"1752318739188957"}},"environmentVariables":{"GOOGLE_NODE_RUN_SCRIPTS":""},"dockerRepository":"projects/rootsnwings-465610/locations/us-central1/repositories/gcf-artifacts","serviceAccount":"projects/rootsnwings-465610/serviceAccounts/944856745086-compute@developer.gserviceaccount.com","automaticUpdatePolicy":{}},"serviceConfig":{"service":"projects/rootsnwings-465610/locations/us-central1/services/approve-mentor","timeoutSeconds":60,"environmentVariables":{"FIREBASE_CONFIG":"{\"projectId\":\"rootsnwings-465610\",\"storageBucket\":\"rootsnwings-465610.firebasestorage.app\"}","GCLOUD_PROJECT":"rootsnwings-465610","EVENTARC_CLOUD_EVENT_SOURCE":"projects/rootsnwings-465610/locations/us-central1/services/approve_mentor","FUNCTION_TARGET":"approve_mentor","LOG_EXECUTION_ID":"true"},"ingressSettings":"ALLOW_ALL","serviceAccountEmail":"944856745086-compute@developer.gserviceaccount.com","availableMemory":"256Mi","allTrafficOnLatestRevision":true,"revision":"approve-mentor-00003-nom","maxInstanceRequestConcurrency":80,"availableCpu":"1"},"state":"ACTIVE","labels":{"deployment-tool":"cloudfunctions","firebase-functions-hash":"d4c29fd1ae1a9531ea3d172e8c7acfe3a57e8e1c"},"environment":"GEN_2","url":"https://us-central1-rootsnwings-465610.cloudfunctions.net/approve_mentor","satisfiesPzi":true},"stages":[{"name":"BUILD","message":"Build in progress","state":"IN_PROGRESS","resource":"projects/944856745086/locations/us-central1/builds/82436f80-9e43-4c43-96ca-b69da9e7b3c9","resourceUri":"https://console.cloud.google.com/cloud-build/builds;region=us-central1/82436f80-9e43-4c43-96ca-b69da9e7b3c9?project=944856745086"},{"name":"SERVICE","state":"NOT_STARTED"}],"operationType":"UPDATE_FUNCTION","buildName":"projects/944856745086/locations/us-central1/builds/82436f80-9e43-4c43-96ca-b69da9e7b3c9"},"done":false}
[debug] [2025-07-12T11:12:25.135Z] [update-default-us-central1-approve_mentor] Retrying task index 0
[debug] [2025-07-12T11:12:25.136Z] Checked if tokens are valid: true, expires at: 1752321609023
[debug] [2025-07-12T11:12:25.136Z] Checked if tokens are valid: true, expires at: 1752321609023
[debug] [2025-07-12T11:12:25.137Z] >>> [apiv2][query] GET https://cloudfunctions.googleapis.com/v2/projects/rootsnwings-465610/locations/us-central1/operations/operation-1752318738521-639b97ff15f51-472c5307-751f8bdc [none]
[debug] [2025-07-12T11:12:25.896Z] <<< [apiv2][status] GET https://cloudfunctions.googleapis.com/v2/projects/rootsnwings-465610/locations/us-central1/operations/operation-1752318738521-639b97ff15f51-472c5307-751f8bdc 200
[debug] [2025-07-12T11:12:25.897Z] <<< [apiv2][body] GET https://cloudfunctions.googleapis.com/v2/projects/rootsnwings-465610/locations/us-central1/operations/operation-1752318738521-639b97ff15f51-472c5307-751f8bdc {"name":"projects/rootsnwings-465610/locations/us-central1/operations/operation-1752318738521-639b97ff15f51-472c5307-751f8bdc","metadata":{"@type":"type.googleapis.com/google.cloud.functions.v2.OperationMetadata","createTime":"2025-07-12T11:12:19.234259963Z","target":"projects/rootsnwings-465610/locations/us-central1/functions/approve_mentor","verb":"update","cancelRequested":false,"apiVersion":"v2","requestResource":{"@type":"type.googleapis.com/google.cloud.functions.v2.Function","name":"projects/rootsnwings-465610/locations/us-central1/functions/approve_mentor","buildConfig":{"runtime":"python312","entryPoint":"approve_mentor","source":{"storageSource":{"bucket":"gcf-v2-sources-944856745086-us-central1","object":"approve_mentor/function-source.zip","generation":"1752318739188957"}},"environmentVariables":{"GOOGLE_NODE_RUN_SCRIPTS":""},"dockerRepository":"projects/rootsnwings-465610/locations/us-central1/repositories/gcf-artifacts","serviceAccount":"projects/rootsnwings-465610/serviceAccounts/944856745086-compute@developer.gserviceaccount.com","automaticUpdatePolicy":{}},"serviceConfig":{"service":"projects/rootsnwings-465610/locations/us-central1/services/approve-mentor","timeoutSeconds":60,"environmentVariables":{"FIREBASE_CONFIG":"{\"projectId\":\"rootsnwings-465610\",\"storageBucket\":\"rootsnwings-465610.firebasestorage.app\"}","GCLOUD_PROJECT":"rootsnwings-465610","EVENTARC_CLOUD_EVENT_SOURCE":"projects/rootsnwings-465610/locations/us-central1/services/approve_mentor","FUNCTION_TARGET":"approve_mentor","LOG_EXECUTION_ID":"true"},"ingressSettings":"ALLOW_ALL","serviceAccountEmail":"944856745086-compute@developer.gserviceaccount.com","availableMemory":"256Mi","allTrafficOnLatestRevision":true,"revision":"approve-mentor-00003-nom","maxInstanceRequestConcurrency":80,"availableCpu":"1"},"state":"ACTIVE","labels":{"deployment-tool":"cloudfunctions","firebase-functions-hash":"d4c29fd1ae1a9531ea3d172e8c7acfe3a57e8e1c"},"environment":"GEN_2","url":"https://us-central1-rootsnwings-465610.cloudfunctions.net/approve_mentor","satisfiesPzi":true},"stages":[{"name":"BUILD","message":"Build in progress","state":"IN_PROGRESS","resource":"projects/944856745086/locations/us-central1/builds/82436f80-9e43-4c43-96ca-b69da9e7b3c9","resourceUri":"https://console.cloud.google.com/cloud-build/builds;region=us-central1/82436f80-9e43-4c43-96ca-b69da9e7b3c9?project=944856745086"},{"name":"SERVICE","state":"NOT_STARTED"}],"operationType":"UPDATE_FUNCTION","buildName":"projects/944856745086/locations/us-central1/builds/82436f80-9e43-4c43-96ca-b69da9e7b3c9"},"done":false}
[debug] [2025-07-12T11:12:29.900Z] [update-default-us-central1-approve_mentor] Retrying task index 0
[debug] [2025-07-12T11:12:29.900Z] Checked if tokens are valid: true, expires at: 1752321609023
[debug] [2025-07-12T11:12:29.901Z] Checked if tokens are valid: true, expires at: 1752321609023
[debug] [2025-07-12T11:12:29.901Z] >>> [apiv2][query] GET https://cloudfunctions.googleapis.com/v2/projects/rootsnwings-465610/locations/us-central1/operations/operation-1752318738521-639b97ff15f51-472c5307-751f8bdc [none]
[debug] [2025-07-12T11:12:30.096Z] <<< [apiv2][status] GET https://cloudfunctions.googleapis.com/v2/projects/rootsnwings-465610/locations/us-central1/operations/operation-1752318738521-639b97ff15f51-472c5307-751f8bdc 200
[debug] [2025-07-12T11:12:30.097Z] <<< [apiv2][body] GET https://cloudfunctions.googleapis.com/v2/projects/rootsnwings-465610/locations/us-central1/operations/operation-1752318738521-639b97ff15f51-472c5307-751f8bdc {"name":"projects/rootsnwings-465610/locations/us-central1/operations/operation-1752318738521-639b97ff15f51-472c5307-751f8bdc","metadata":{"@type":"type.googleapis.com/google.cloud.functions.v2.OperationMetadata","createTime":"2025-07-12T11:12:19.234259963Z","target":"projects/rootsnwings-465610/locations/us-central1/functions/approve_mentor","verb":"update","cancelRequested":false,"apiVersion":"v2","requestResource":{"@type":"type.googleapis.com/google.cloud.functions.v2.Function","name":"projects/rootsnwings-465610/locations/us-central1/functions/approve_mentor","buildConfig":{"runtime":"python312","entryPoint":"approve_mentor","source":{"storageSource":{"bucket":"gcf-v2-sources-944856745086-us-central1","object":"approve_mentor/function-source.zip","generation":"1752318739188957"}},"environmentVariables":{"GOOGLE_NODE_RUN_SCRIPTS":""},"dockerRepository":"projects/rootsnwings-465610/locations/us-central1/repositories/gcf-artifacts","serviceAccount":"projects/rootsnwings-465610/serviceAccounts/944856745086-compute@developer.gserviceaccount.com","automaticUpdatePolicy":{}},"serviceConfig":{"service":"projects/rootsnwings-465610/locations/us-central1/services/approve-mentor","timeoutSeconds":60,"environmentVariables":{"FIREBASE_CONFIG":"{\"projectId\":\"rootsnwings-465610\",\"storageBucket\":\"rootsnwings-465610.firebasestorage.app\"}","GCLOUD_PROJECT":"rootsnwings-465610","EVENTARC_CLOUD_EVENT_SOURCE":"projects/rootsnwings-465610/locations/us-central1/services/approve_mentor","FUNCTION_TARGET":"approve_mentor","LOG_EXECUTION_ID":"true"},"ingressSettings":"ALLOW_ALL","serviceAccountEmail":"944856745086-compute@developer.gserviceaccount.com","availableMemory":"256Mi","allTrafficOnLatestRevision":true,"revision":"approve-mentor-00003-nom","maxInstanceRequestConcurrency":80,"availableCpu":"1"},"state":"ACTIVE","labels":{"deployment-tool":"cloudfunctions","firebase-functions-hash":"d4c29fd1ae1a9531ea3d172e8c7acfe3a57e8e1c"},"environment":"GEN_2","url":"https://us-central1-rootsnwings-465610.cloudfunctions.net/approve_mentor","satisfiesPzi":true},"stages":[{"name":"BUILD","message":"Build in progress","state":"IN_PROGRESS","resource":"projects/944856745086/locations/us-central1/builds/82436f80-9e43-4c43-96ca-b69da9e7b3c9","resourceUri":"https://console.cloud.google.com/cloud-build/builds;region=us-central1/82436f80-9e43-4c43-96ca-b69da9e7b3c9?project=944856745086"},{"name":"SERVICE","state":"NOT_STARTED"}],"operationType":"UPDATE_FUNCTION","buildName":"projects/944856745086/locations/us-central1/builds/82436f80-9e43-4c43-96ca-b69da9e7b3c9"},"done":false}
[debug] [2025-07-12T11:12:38.100Z] [update-default-us-central1-approve_mentor] Retrying task index 0
[debug] [2025-07-12T11:12:38.102Z] Checked if tokens are valid: true, expires at: 1752321609023
[debug] [2025-07-12T11:12:38.102Z] Checked if tokens are valid: true, expires at: 1752321609023
[debug] [2025-07-12T11:12:38.102Z] >>> [apiv2][query] GET https://cloudfunctions.googleapis.com/v2/projects/rootsnwings-465610/locations/us-central1/operations/operation-1752318738521-639b97ff15f51-472c5307-751f8bdc [none]
[debug] [2025-07-12T11:12:39.006Z] <<< [apiv2][status] GET https://cloudfunctions.googleapis.com/v2/projects/rootsnwings-465610/locations/us-central1/operations/operation-1752318738521-639b97ff15f51-472c5307-751f8bdc 200
[debug] [2025-07-12T11:12:39.007Z] <<< [apiv2][body] GET https://cloudfunctions.googleapis.com/v2/projects/rootsnwings-465610/locations/us-central1/operations/operation-1752318738521-639b97ff15f51-472c5307-751f8bdc {"name":"projects/rootsnwings-465610/locations/us-central1/operations/operation-1752318738521-639b97ff15f51-472c5307-751f8bdc","metadata":{"@type":"type.googleapis.com/google.cloud.functions.v2.OperationMetadata","createTime":"2025-07-12T11:12:19.234259963Z","target":"projects/rootsnwings-465610/locations/us-central1/functions/approve_mentor","verb":"update","cancelRequested":false,"apiVersion":"v2","requestResource":{"@type":"type.googleapis.com/google.cloud.functions.v2.Function","name":"projects/rootsnwings-465610/locations/us-central1/functions/approve_mentor","buildConfig":{"runtime":"python312","entryPoint":"approve_mentor","source":{"storageSource":{"bucket":"gcf-v2-sources-944856745086-us-central1","object":"approve_mentor/function-source.zip","generation":"1752318739188957"}},"environmentVariables":{"GOOGLE_NODE_RUN_SCRIPTS":""},"dockerRepository":"projects/rootsnwings-465610/locations/us-central1/repositories/gcf-artifacts","serviceAccount":"projects/rootsnwings-465610/serviceAccounts/944856745086-compute@developer.gserviceaccount.com","automaticUpdatePolicy":{}},"serviceConfig":{"service":"projects/rootsnwings-465610/locations/us-central1/services/approve-mentor","timeoutSeconds":60,"environmentVariables":{"FIREBASE_CONFIG":"{\"projectId\":\"rootsnwings-465610\",\"storageBucket\":\"rootsnwings-465610.firebasestorage.app\"}","GCLOUD_PROJECT":"rootsnwings-465610","EVENTARC_CLOUD_EVENT_SOURCE":"projects/rootsnwings-465610/locations/us-central1/services/approve_mentor","FUNCTION_TARGET":"approve_mentor","LOG_EXECUTION_ID":"true"},"ingressSettings":"ALLOW_ALL","serviceAccountEmail":"944856745086-compute@developer.gserviceaccount.com","availableMemory":"256Mi","allTrafficOnLatestRevision":true,"revision":"approve-mentor-00003-nom","maxInstanceRequestConcurrency":80,"availableCpu":"1"},"state":"ACTIVE","labels":{"deployment-tool":"cloudfunctions","firebase-functions-hash":"d4c29fd1ae1a9531ea3d172e8c7acfe3a57e8e1c"},"environment":"GEN_2","url":"https://us-central1-rootsnwings-465610.cloudfunctions.net/approve_mentor","satisfiesPzi":true},"stages":[{"name":"BUILD","message":"Build in progress","state":"IN_PROGRESS","resource":"projects/944856745086/locations/us-central1/builds/82436f80-9e43-4c43-96ca-b69da9e7b3c9","resourceUri":"https://console.cloud.google.com/cloud-build/builds;region=us-central1/82436f80-9e43-4c43-96ca-b69da9e7b3c9?project=944856745086"},{"name":"SERVICE","state":"NOT_STARTED"}],"operationType":"UPDATE_FUNCTION","buildName":"projects/944856745086/locations/us-central1/builds/82436f80-9e43-4c43-96ca-b69da9e7b3c9"},"done":false}
[debug] [2025-07-12T11:12:49.013Z] [update-default-us-central1-approve_mentor] Retrying task index 0
[debug] [2025-07-12T11:12:49.014Z] Checked if tokens are valid: true, expires at: 1752321609023
[debug] [2025-07-12T11:12:49.014Z] Checked if tokens are valid: true, expires at: 1752321609023
[debug] [2025-07-12T11:12:49.015Z] >>> [apiv2][query] GET https://cloudfunctions.googleapis.com/v2/projects/rootsnwings-465610/locations/us-central1/operations/operation-1752318738521-639b97ff15f51-472c5307-751f8bdc [none]
[debug] [2025-07-12T11:12:49.770Z] <<< [apiv2][status] GET https://cloudfunctions.googleapis.com/v2/projects/rootsnwings-465610/locations/us-central1/operations/operation-1752318738521-639b97ff15f51-472c5307-751f8bdc 200
[debug] [2025-07-12T11:12:49.770Z] <<< [apiv2][body] GET https://cloudfunctions.googleapis.com/v2/projects/rootsnwings-465610/locations/us-central1/operations/operation-1752318738521-639b97ff15f51-472c5307-751f8bdc {"name":"projects/rootsnwings-465610/locations/us-central1/operations/operation-1752318738521-639b97ff15f51-472c5307-751f8bdc","metadata":{"@type":"type.googleapis.com/google.cloud.functions.v2.OperationMetadata","createTime":"2025-07-12T11:12:19.234259963Z","target":"projects/rootsnwings-465610/locations/us-central1/functions/approve_mentor","verb":"update","cancelRequested":false,"apiVersion":"v2","requestResource":{"@type":"type.googleapis.com/google.cloud.functions.v2.Function","name":"projects/rootsnwings-465610/locations/us-central1/functions/approve_mentor","buildConfig":{"runtime":"python312","entryPoint":"approve_mentor","source":{"storageSource":{"bucket":"gcf-v2-sources-944856745086-us-central1","object":"approve_mentor/function-source.zip","generation":"1752318739188957"}},"environmentVariables":{"GOOGLE_NODE_RUN_SCRIPTS":""},"dockerRepository":"projects/rootsnwings-465610/locations/us-central1/repositories/gcf-artifacts","serviceAccount":"projects/rootsnwings-465610/serviceAccounts/944856745086-compute@developer.gserviceaccount.com","automaticUpdatePolicy":{}},"serviceConfig":{"service":"projects/rootsnwings-465610/locations/us-central1/services/approve-mentor","timeoutSeconds":60,"environmentVariables":{"FIREBASE_CONFIG":"{\"projectId\":\"rootsnwings-465610\",\"storageBucket\":\"rootsnwings-465610.firebasestorage.app\"}","GCLOUD_PROJECT":"rootsnwings-465610","EVENTARC_CLOUD_EVENT_SOURCE":"projects/rootsnwings-465610/locations/us-central1/services/approve_mentor","FUNCTION_TARGET":"approve_mentor","LOG_EXECUTION_ID":"true"},"ingressSettings":"ALLOW_ALL","serviceAccountEmail":"944856745086-compute@developer.gserviceaccount.com","availableMemory":"256Mi","allTrafficOnLatestRevision":true,"revision":"approve-mentor-00003-nom","maxInstanceRequestConcurrency":80,"availableCpu":"1"},"state":"ACTIVE","labels":{"deployment-tool":"cloudfunctions","firebase-functions-hash":"d4c29fd1ae1a9531ea3d172e8c7acfe3a57e8e1c"},"environment":"GEN_2","url":"https://us-central1-rootsnwings-465610.cloudfunctions.net/approve_mentor","satisfiesPzi":true},"stages":[{"name":"BUILD","message":"Build in progress","state":"IN_PROGRESS","resource":"projects/944856745086/locations/us-central1/builds/82436f80-9e43-4c43-96ca-b69da9e7b3c9","resourceUri":"https://console.cloud.google.com/cloud-build/builds;region=us-central1/82436f80-9e43-4c43-96ca-b69da9e7b3c9?project=944856745086"},{"name":"SERVICE","state":"NOT_STARTED"}],"operationType":"UPDATE_FUNCTION","buildName":"projects/944856745086/locations/us-central1/builds/82436f80-9e43-4c43-96ca-b69da9e7b3c9"},"done":false}
[debug] [2025-07-12T11:12:59.776Z] [update-default-us-central1-approve_mentor] Retrying task index 0
[debug] [2025-07-12T11:12:59.777Z] Checked if tokens are valid: true, expires at: 1752321609023
[debug] [2025-07-12T11:12:59.778Z] Checked if tokens are valid: true, expires at: 1752321609023
[debug] [2025-07-12T11:12:59.778Z] >>> [apiv2][query] GET https://cloudfunctions.googleapis.com/v2/projects/rootsnwings-465610/locations/us-central1/operations/operation-1752318738521-639b97ff15f51-472c5307-751f8bdc [none]
[debug] [2025-07-12T11:13:00.539Z] <<< [apiv2][status] GET https://cloudfunctions.googleapis.com/v2/projects/rootsnwings-465610/locations/us-central1/operations/operation-1752318738521-639b97ff15f51-472c5307-751f8bdc 200
[debug] [2025-07-12T11:13:00.540Z] <<< [apiv2][body] GET https://cloudfunctions.googleapis.com/v2/projects/rootsnwings-465610/locations/us-central1/operations/operation-1752318738521-639b97ff15f51-472c5307-751f8bdc {"name":"projects/rootsnwings-465610/locations/us-central1/operations/operation-1752318738521-639b97ff15f51-472c5307-751f8bdc","metadata":{"@type":"type.googleapis.com/google.cloud.functions.v2.OperationMetadata","createTime":"2025-07-12T11:12:19.234259963Z","target":"projects/rootsnwings-465610/locations/us-central1/functions/approve_mentor","verb":"update","cancelRequested":false,"apiVersion":"v2","requestResource":{"@type":"type.googleapis.com/google.cloud.functions.v2.Function","name":"projects/rootsnwings-465610/locations/us-central1/functions/approve_mentor","buildConfig":{"runtime":"python312","entryPoint":"approve_mentor","source":{"storageSource":{"bucket":"gcf-v2-sources-944856745086-us-central1","object":"approve_mentor/function-source.zip","generation":"1752318739188957"}},"environmentVariables":{"GOOGLE_NODE_RUN_SCRIPTS":""},"dockerRepository":"projects/rootsnwings-465610/locations/us-central1/repositories/gcf-artifacts","serviceAccount":"projects/rootsnwings-465610/serviceAccounts/944856745086-compute@developer.gserviceaccount.com","automaticUpdatePolicy":{}},"serviceConfig":{"service":"projects/rootsnwings-465610/locations/us-central1/services/approve-mentor","timeoutSeconds":60,"environmentVariables":{"FIREBASE_CONFIG":"{\"projectId\":\"rootsnwings-465610\",\"storageBucket\":\"rootsnwings-465610.firebasestorage.app\"}","GCLOUD_PROJECT":"rootsnwings-465610","EVENTARC_CLOUD_EVENT_SOURCE":"projects/rootsnwings-465610/locations/us-central1/services/approve_mentor","FUNCTION_TARGET":"approve_mentor","LOG_EXECUTION_ID":"true"},"ingressSettings":"ALLOW_ALL","serviceAccountEmail":"944856745086-compute@developer.gserviceaccount.com","availableMemory":"256Mi","allTrafficOnLatestRevision":true,"revision":"approve-mentor-00003-nom","maxInstanceRequestConcurrency":80,"availableCpu":"1"},"state":"ACTIVE","labels":{"deployment-tool":"cloudfunctions","firebase-functions-hash":"d4c29fd1ae1a9531ea3d172e8c7acfe3a57e8e1c"},"environment":"GEN_2","url":"https://us-central1-rootsnwings-465610.cloudfunctions.net/approve_mentor","satisfiesPzi":true},"stages":[{"name":"BUILD","message":"Build finished","state":"COMPLETE","resource":"projects/944856745086/locations/us-central1/builds/82436f80-9e43-4c43-96ca-b69da9e7b3c9","resourceUri":"https://console.cloud.google.com/cloud-build/builds;region=us-central1/82436f80-9e43-4c43-96ca-b69da9e7b3c9?project=944856745086"},{"name":"SERVICE","message":"Updating Cloud Run service","state":"IN_PROGRESS","resource":"projects/rootsnwings-465610/locations/us-central1/services/approve-mentor","resourceUri":"https://console.cloud.google.com/run/detail/us-central1/approve-mentor?project=rootsnwings-465610","stateMessages":[{"severity":"INFO","type":"CloudRunServiceNewRevisionTrafficInfo","message":"A new revision will be deployed serving with 100% traffic."}]}],"sourceToken":"Cldwcm9qZWN0cy85NDQ4NTY3NDUwODYvbG9jYXRpb25zL3VzLWNlbnRyYWwxL2J1aWxkcy84MjQzNmY4MC05ZTQzLTRjNDMtOTZjYS1iNjlkYTllN2IzYzkSeHVzLWNlbnRyYWwxLWRvY2tlci5wa2cuZGV2L3Jvb3RzbndpbmdzLTQ2NTYxMC9nY2YtYXJ0aWZhY3RzL3Jvb3RzbndpbmdzLS00NjU2MTBfX3VzLS1jZW50cmFsMV9fYXBwcm92ZV9fbWVudG9yOnZlcnNpb25fMRj+iOfuvxsiSnByb2plY3RzL3Jvb3RzbndpbmdzLTQ2NTYxMC9sb2NhdGlvbnMvdXMtY2VudHJhbDEvZnVuY3Rpb25zL2FwcHJvdmVfbWVudG9yKgsIt4bJwwYQqOCzdzIJcHl0aG9uMzEyOngKJGdjci5pby9nYWUtcnVudGltZXMvcHl0aG9uMzEyOnN0YWJsZRJQdXMtY2VudHJhbDEtZG9ja2VyLnBrZy5kZXYvc2VydmVybGVzcy1ydW50aW1lcy9nb29nbGUtMjItZnVsbC9ydW50aW1lcy9weXRob24zMTJAAQ==","operationType":"UPDATE_FUNCTION","buildName":"projects/944856745086/locations/us-central1/builds/82436f80-9e43-4c43-96ca-b69da9e7b3c9"},"done":false}
[debug] [2025-07-12T11:13:00.540Z] Got source token Cldwcm9qZWN0cy85NDQ4NTY3NDUwODYvbG9jYXRpb25zL3VzLWNlbnRyYWwxL2J1aWxkcy84MjQzNmY4MC05ZTQzLTRjNDMtOTZjYS1iNjlkYTllN2IzYzkSeHVzLWNlbnRyYWwxLWRvY2tlci5wa2cuZGV2L3Jvb3RzbndpbmdzLTQ2NTYxMC9nY2YtYXJ0aWZhY3RzL3Jvb3RzbndpbmdzLS00NjU2MTBfX3VzLS1jZW50cmFsMV9fYXBwcm92ZV9fbWVudG9yOnZlcnNpb25fMRj+iOfuvxsiSnByb2plY3RzL3Jvb3RzbndpbmdzLTQ2NTYxMC9sb2NhdGlvbnMvdXMtY2VudHJhbDEvZnVuY3Rpb25zL2FwcHJvdmVfbWVudG9yKgsIt4bJwwYQqOCzdzIJcHl0aG9uMzEyOngKJGdjci5pby9nYWUtcnVudGltZXMvcHl0aG9uMzEyOnN0YWJsZRJQdXMtY2VudHJhbDEtZG9ja2VyLnBrZy5kZXYvc2VydmVybGVzcy1ydW50aW1lcy9nb29nbGUtMjItZnVsbC9ydW50aW1lcy9weXRob24zMTJAAQ== for region us-central1
[debug] [2025-07-12T11:13:10.542Z] [update-default-us-central1-approve_mentor] Retrying task index 0
[debug] [2025-07-12T11:13:10.543Z] Checked if tokens are valid: true, expires at: 1752321609023
[debug] [2025-07-12T11:13:10.543Z] Checked if tokens are valid: true, expires at: 1752321609023
[debug] [2025-07-12T11:13:10.543Z] >>> [apiv2][query] GET https://cloudfunctions.googleapis.com/v2/projects/rootsnwings-465610/locations/us-central1/operations/operation-1752318738521-639b97ff15f51-472c5307-751f8bdc [none]
[debug] [2025-07-12T11:13:11.365Z] <<< [apiv2][status] GET https://cloudfunctions.googleapis.com/v2/projects/rootsnwings-465610/locations/us-central1/operations/operation-1752318738521-639b97ff15f51-472c5307-751f8bdc 200
[debug] [2025-07-12T11:13:11.365Z] <<< [apiv2][body] GET https://cloudfunctions.googleapis.com/v2/projects/rootsnwings-465610/locations/us-central1/operations/operation-1752318738521-639b97ff15f51-472c5307-751f8bdc {"name":"projects/rootsnwings-465610/locations/us-central1/operations/operation-1752318738521-639b97ff15f51-472c5307-751f8bdc","metadata":{"@type":"type.googleapis.com/google.cloud.functions.v2.OperationMetadata","createTime":"2025-07-12T11:12:19.234259963Z","endTime":"2025-07-12T11:13:04.821820659Z","target":"projects/rootsnwings-465610/locations/us-central1/functions/approve_mentor","verb":"update","cancelRequested":false,"apiVersion":"v2","requestResource":{"@type":"type.googleapis.com/google.cloud.functions.v2.Function","name":"projects/rootsnwings-465610/locations/us-central1/functions/approve_mentor","buildConfig":{"runtime":"python312","entryPoint":"approve_mentor","source":{"storageSource":{"bucket":"gcf-v2-sources-944856745086-us-central1","object":"approve_mentor/function-source.zip","generation":"1752318739188957"}},"environmentVariables":{"GOOGLE_NODE_RUN_SCRIPTS":""},"dockerRepository":"projects/rootsnwings-465610/locations/us-central1/repositories/gcf-artifacts","serviceAccount":"projects/rootsnwings-465610/serviceAccounts/944856745086-compute@developer.gserviceaccount.com","automaticUpdatePolicy":{}},"serviceConfig":{"service":"projects/rootsnwings-465610/locations/us-central1/services/approve-mentor","timeoutSeconds":60,"environmentVariables":{"FIREBASE_CONFIG":"{\"projectId\":\"rootsnwings-465610\",\"storageBucket\":\"rootsnwings-465610.firebasestorage.app\"}","GCLOUD_PROJECT":"rootsnwings-465610","EVENTARC_CLOUD_EVENT_SOURCE":"projects/rootsnwings-465610/locations/us-central1/services/approve_mentor","FUNCTION_TARGET":"approve_mentor","LOG_EXECUTION_ID":"true"},"ingressSettings":"ALLOW_ALL","serviceAccountEmail":"944856745086-compute@developer.gserviceaccount.com","availableMemory":"256Mi","allTrafficOnLatestRevision":true,"revision":"approve-mentor-00003-nom","maxInstanceRequestConcurrency":80,"availableCpu":"1"},"state":"ACTIVE","labels":{"deployment-tool":"cloudfunctions","firebase-functions-hash":"d4c29fd1ae1a9531ea3d172e8c7acfe3a57e8e1c"},"environment":"GEN_2","url":"https://us-central1-rootsnwings-465610.cloudfunctions.net/approve_mentor","satisfiesPzi":true},"stages":[{"name":"BUILD","message":"Build finished","state":"COMPLETE","resource":"projects/944856745086/locations/us-central1/builds/82436f80-9e43-4c43-96ca-b69da9e7b3c9","resourceUri":"https://console.cloud.google.com/cloud-build/builds;region=us-central1/82436f80-9e43-4c43-96ca-b69da9e7b3c9?project=944856745086"},{"name":"SERVICE","message":"Updating Cloud Run service","state":"COMPLETE","resource":"projects/rootsnwings-465610/locations/us-central1/services/approve-mentor","resourceUri":"https://console.cloud.google.com/run/detail/us-central1/approve-mentor?project=rootsnwings-465610","stateMessages":[{"severity":"INFO","type":"CloudRunServiceNewRevisionTrafficInfo","message":"A new revision will be deployed serving with 100% traffic."}]}],"sourceToken":"Cldwcm9qZWN0cy85NDQ4NTY3NDUwODYvbG9jYXRpb25zL3VzLWNlbnRyYWwxL2J1aWxkcy84MjQzNmY4MC05ZTQzLTRjNDMtOTZjYS1iNjlkYTllN2IzYzkSeHVzLWNlbnRyYWwxLWRvY2tlci5wa2cuZGV2L3Jvb3RzbndpbmdzLTQ2NTYxMC9nY2YtYXJ0aWZhY3RzL3Jvb3RzbndpbmdzLS00NjU2MTBfX3VzLS1jZW50cmFsMV9fYXBwcm92ZV9fbWVudG9yOnZlcnNpb25fMRj+iOfuvxsiSnByb2plY3RzL3Jvb3RzbndpbmdzLTQ2NTYxMC9sb2NhdGlvbnMvdXMtY2VudHJhbDEvZnVuY3Rpb25zL2FwcHJvdmVfbWVudG9yKgsIt4bJwwYQqOCzdzIJcHl0aG9uMzEyOngKJGdjci5pby9nYWUtcnVudGltZXMvcHl0aG9uMzEyOnN0YWJsZRJQdXMtY2VudHJhbDEtZG9ja2VyLnBrZy5kZXYvc2VydmVybGVzcy1ydW50aW1lcy9nb29nbGUtMjItZnVsbC9ydW50aW1lcy9weXRob24zMTJAAQ==","operationType":"UPDATE_FUNCTION","buildName":"projects/944856745086/locations/us-central1/builds/82436f80-9e43-4c43-96ca-b69da9e7b3c9"},"done":true,"response":{"@type":"type.googleapis.com/google.cloud.functions.v2.Function","name":"projects/rootsnwings-465610/locations/us-central1/functions/approve_mentor","buildConfig":{"build":"projects/944856745086/locations/us-central1/builds/82436f80-9e43-4c43-96ca-b69da9e7b3c9","runtime":"python312","entryPoint":"approve_mentor","source":{"storageSource":{"bucket":"gcf-v2-sources-944856745086-us-central1","object":"approve_mentor/function-source.zip","generation":"1752318739188957"}},"environmentVariables":{"GOOGLE_NODE_RUN_SCRIPTS":""},"dockerRepository":"projects/rootsnwings-465610/locations/us-central1/repositories/gcf-artifacts","sourceProvenance":{"resolvedStorageSource":{"bucket":"gcf-v2-sources-944856745086-us-central1","object":"approve_mentor/function-source.zip","generation":"1752318739188957"}},"dockerRegistry":"ARTIFACT_REGISTRY","serviceAccount":"projects/rootsnwings-465610/serviceAccounts/944856745086-compute@developer.gserviceaccount.com","automaticUpdatePolicy":{}},"serviceConfig":{"service":"projects/rootsnwings-465610/locations/us-central1/services/approve-mentor","timeoutSeconds":60,"environmentVariables":{"FIREBASE_CONFIG":"{\"projectId\":\"rootsnwings-465610\",\"storageBucket\":\"rootsnwings-465610.firebasestorage.app\"}","GCLOUD_PROJECT":"rootsnwings-465610","EVENTARC_CLOUD_EVENT_SOURCE":"projects/rootsnwings-465610/locations/us-central1/services/approve_mentor","FUNCTION_TARGET":"approve_mentor","LOG_EXECUTION_ID":"true"},"maxInstanceCount":20,"ingressSettings":"ALLOW_ALL","uri":"https://approve-mentor-lowisisi6a-uc.a.run.app","serviceAccountEmail":"944856745086-compute@developer.gserviceaccount.com","availableMemory":"256Mi","allTrafficOnLatestRevision":true,"revision":"approve-mentor-00004-laj","maxInstanceRequestConcurrency":80,"availableCpu":"1"},"state":"ACTIVE","updateTime":"2025-07-12T11:12:19.235815130Z","labels":{"deployment-tool":"cli-firebase","firebase-functions-hash":"d4c29fd1ae1a9531ea3d172e8c7acfe3a57e8e1c"},"environment":"GEN_2","url":"https://us-central1-rootsnwings-465610.cloudfunctions.net/approve_mentor","createTime":"2025-07-12T10:33:34.181179722Z","satisfiesPzi":true}}
[debug] [2025-07-12T11:13:11.366Z] Got source token Cldwcm9qZWN0cy85NDQ4NTY3NDUwODYvbG9jYXRpb25zL3VzLWNlbnRyYWwxL2J1aWxkcy84MjQzNmY4MC05ZTQzLTRjNDMtOTZjYS1iNjlkYTllN2IzYzkSeHVzLWNlbnRyYWwxLWRvY2tlci5wa2cuZGV2L3Jvb3RzbndpbmdzLTQ2NTYxMC9nY2YtYXJ0aWZhY3RzL3Jvb3RzbndpbmdzLS00NjU2MTBfX3VzLS1jZW50cmFsMV9fYXBwcm92ZV9fbWVudG9yOnZlcnNpb25fMRj+iOfuvxsiSnByb2plY3RzL3Jvb3RzbndpbmdzLTQ2NTYxMC9sb2NhdGlvbnMvdXMtY2VudHJhbDEvZnVuY3Rpb25zL2FwcHJvdmVfbWVudG9yKgsIt4bJwwYQqOCzdzIJcHl0aG9uMzEyOngKJGdjci5pby9nYWUtcnVudGltZXMvcHl0aG9uMzEyOnN0YWJsZRJQdXMtY2VudHJhbDEtZG9ja2VyLnBrZy5kZXYvc2VydmVybGVzcy1ydW50aW1lcy9nb29nbGUtMjItZnVsbC9ydW50aW1lcy9weXRob24zMTJAAQ== for region us-central1
[info] ✔  functions[approve_mentor(us-central1)] Successful update operation. 
[debug] [2025-07-12T11:13:11.375Z] Total Function Deployment time: 53454
[debug] [2025-07-12T11:13:11.376Z] 1 Functions Deployed
[debug] [2025-07-12T11:13:11.376Z] 0 Functions Errored
[debug] [2025-07-12T11:13:11.376Z] 0 Function Deployments Aborted
[debug] [2025-07-12T11:13:11.376Z] Average Function Deployment time: 53453
[info] Function URL (approve_mentor(us-central1)): https://approve-mentor-lowisisi6a-uc.a.run.app
[debug] [2025-07-12T11:13:11.455Z] Checked if tokens are valid: true, expires at: 1752321609023
[debug] [2025-07-12T11:13:11.456Z] Checked if tokens are valid: true, expires at: 1752321609023
[debug] [2025-07-12T11:13:11.456Z] >>> [apiv2][query] GET https://artifactregistry.googleapis.com/v1/projects/rootsnwings-465610/locations/us-central1/repositories/gcf-artifacts [none]
[debug] [2025-07-12T11:13:12.285Z] <<< [apiv2][status] GET https://artifactregistry.googleapis.com/v1/projects/rootsnwings-465610/locations/us-central1/repositories/gcf-artifacts 200
[debug] [2025-07-12T11:13:12.286Z] <<< [apiv2][body] GET https://artifactregistry.googleapis.com/v1/projects/rootsnwings-465610/locations/us-central1/repositories/gcf-artifacts {"name":"projects/rootsnwings-465610/locations/us-central1/repositories/gcf-artifacts","format":"DOCKER","description":"This repository is created and used by Cloud Functions for storing function docker images.","labels":{"goog-managed-by":"cloudfunctions"},"createTime":"2025-07-12T10:34:53.158554Z","updateTime":"2025-07-12T11:12:47.905588Z","mode":"STANDARD_REPOSITORY","cleanupPolicies":{"firebase-functions-cleanup":{"id":"firebase-functions-cleanup","action":"DELETE","condition":{"tagState":"ANY","olderThan":"7776000s"}}},"sizeBytes":"49420311","vulnerabilityScanningConfig":{"lastEnableTime":"2025-07-12T10:34:44.733399692Z","enablementState":"SCANNING_DISABLED","enablementStateReason":"API containerscanning.googleapis.com is not enabled."},"satisfiesPzi":true,"registryUri":"us-central1-docker.pkg.dev/rootsnwings-465610/gcf-artifacts"}
[info] 
[info] ✔  Deploy complete! 
[info] 
[info] Project Console: https://console.firebase.google.com/project/rootsnwings-465610/overview
